Analysis initiated from SIMULIA established products
Abaqus JOB CutShotPeen
Abaqus 2022
Abaqus License Manager checked out the following licenses:
Abaqus/Standard checked out 5 tokens from Flexnet server license-abaqus.engin.umich.edu.
<215 out of 230 licenses remain available>.
Begin Analysis Input File Processor
4/14/2023 4:57:08 PM
Run pre.exe
4/14/2023 4:57:24 PM
End Analysis Input File Processor
Begin Abaqus/Standard Analysis
4/14/2023 4:57:24 PM
Run standard.exe
4/14/2023 5:00:19 PM
End Abaqus/Standard Analysis
Begin SIM Wrap-up
4/14/2023 5:00:21 PM
Run SMASimUtility.exe
4/14/2023 5:00:21 PM
End SIM Wrap-up
Abaqus JOB CutShotPeen COMPLETED
