Analysis initiated from SIMULIA established products
Abaqus JOB Job-1
Abaqus 2022
Abaqus License Manager checked out the following licenses:
Abaqus/Foundation checked out 3 tokens from Flexnet server license-abaqus.engin.umich.edu.
<217 out of 230 licenses remain available>.
Begin Analysis Input File Processor
12/7/2022 3:46:19 PM
Run pre.exe
12/7/2022 3:46:21 PM
End Analysis Input File Processor
Begin Abaqus/Standard Analysis
12/7/2022 3:46:21 PM
Run standard.exe
12/7/2022 3:46:26 PM
End Abaqus/Standard Analysis
Begin SIM Wrap-up
12/7/2022 3:46:28 PM
Run SMASimUtility.exe
12/7/2022 3:46:28 PM
End SIM Wrap-up
Abaqus JOB Job-1 COMPLETED
