Analysis initiated from SIMULIA established products
Abaqus JOB Job-1
Abaqus 2022
Abaqus License Manager checked out the following licenses:
Abaqus/Standard checked out 5 tokens from Flexnet server license-abaqus.engin.umich.edu.
<198 out of 230 licenses remain available>.
Begin Analysis Input File Processor
3/6/2023 9:01:19 PM
Run pre.exe
3/6/2023 9:01:20 PM
End Analysis Input File Processor
Begin Abaqus/Standard Analysis
3/6/2023 9:01:20 PM
Run standard.exe
3/6/2023 9:01:27 PM
End Abaqus/Standard Analysis
Begin SIM Wrap-up
3/6/2023 9:01:29 PM
Run SMASimUtility.exe
3/6/2023 9:01:30 PM
End SIM Wrap-up
Abaqus JOB Job-1 COMPLETED
