Analysis initiated from SIMULIA established products
Abaqus JOB Job-1
Abaqus 2022
Abaqus License Manager checked out the following licenses:
Abaqus/Standard checked out 5 tokens from Flexnet server license-abaqus.engin.umich.edu.
<220 out of 230 licenses remain available>.
Begin Analysis Input File Processor
4/7/2023 1:48:02 PM
Run pre.exe
4/7/2023 1:48:24 PM
End Analysis Input File Processor
Begin Abaqus/Standard Analysis
4/7/2023 1:48:24 PM
Run standard.exe
4/7/2023 1:51:57 PM
End Abaqus/Standard Analysis
Begin SIM Wrap-up
4/7/2023 1:51:58 PM
Run SMASimUtility.exe
4/7/2023 1:51:58 PM
End SIM Wrap-up
Abaqus JOB Job-1 COMPLETED
